2025-11-27 19:12:11,249 - INFO - Running query on public dataset...
2025-11-27 19:12:24,798 - INFO - Query completed successfully.
2025-11-27 19:12:24,799 - INFO - Loading data into redsox-challenge.redsox-bq-project.raw_data.games_wide ...
2025-11-27 19:21:28,399 - INFO - Running query on public dataset...
2025-11-27 19:21:28,412 - WARNING - Retrying (Retry(total=2, connect=None, read=None, redirect=None, status=None)) after connection broken by 'NameResolutionError("<urllib3.connection.HTTPSConnection object at 0x000001FF7CF0D2B0>: Failed to resolve 'oauth2.googleapis.com' ([Errno 11001] getaddrinfo failed)")': /token
2025-11-27 19:21:28,420 - WARNING - Retrying (Retry(total=1, connect=None, read=None, redirect=None, status=None)) after connection broken by 'NameResolutionError("<urllib3.connection.HTTPSConnection object at 0x000001FF7CF10F50>: Failed to resolve 'oauth2.googleapis.com' ([Errno 11001] getaddrinfo failed)")': /token
2025-11-27 19:21:28,421 - WARNING - Retrying (Retry(total=0, connect=None, read=None, redirect=None, status=None)) after connection broken by 'NameResolutionError("<urllib3.connection.HTTPSConnection object at 0x000001FF7CF111D0>: Failed to resolve 'oauth2.googleapis.com' ([Errno 11001] getaddrinfo failed)")': /token
2025-11-27 19:21:28,686 - WARNING - Retrying (Retry(total=2, connect=None, read=None, redirect=None, status=None)) after connection broken by 'NameResolutionError("<urllib3.connection.HTTPSConnection object at 0x000001FF7CF11F90>: Failed to resolve 'oauth2.googleapis.com' ([Errno 11001] getaddrinfo failed)")': /token
2025-11-27 19:21:28,687 - WARNING - Retrying (Retry(total=1, connect=None, read=None, redirect=None, status=None)) after connection broken by 'NameResolutionError("<urllib3.connection.HTTPSConnection object at 0x000001FF7CF12210>: Failed to resolve 'oauth2.googleapis.com' ([Errno 11001] getaddrinfo failed)")': /token
2025-11-27 19:21:28,687 - WARNING - Retrying (Retry(total=0, connect=None, read=None, redirect=None, status=None)) after connection broken by 'NameResolutionError("<urllib3.connection.HTTPSConnection object at 0x000001FF7CF12490>: Failed to resolve 'oauth2.googleapis.com' ([Errno 11001] getaddrinfo failed)")': /token
2025-11-27 19:21:28,707 - WARNING - Retrying (Retry(total=2, connect=None, read=None, redirect=None, status=None)) after connection broken by 'NameResolutionError("<urllib3.connection.HTTPSConnection object at 0x000001FF7CF13250>: Failed to resolve 'oauth2.googleapis.com' ([Errno 11001] getaddrinfo failed)")': /token
2025-11-27 19:21:28,708 - WARNING - Retrying (Retry(total=1, connect=None, read=None, redirect=None, status=None)) after connection broken by 'NameResolutionError("<urllib3.connection.HTTPSConnection object at 0x000001FF7CF134D0>: Failed to resolve 'oauth2.googleapis.com' ([Errno 11001] getaddrinfo failed)")': /token
2025-11-27 19:21:28,709 - WARNING - Retrying (Retry(total=0, connect=None, read=None, redirect=None, status=None)) after connection broken by 'NameResolutionError("<urllib3.connection.HTTPSConnection object at 0x000001FF7CF13750>: Failed to resolve 'oauth2.googleapis.com' ([Errno 11001] getaddrinfo failed)")': /token
2025-11-27 19:21:29,363 - WARNING - Retrying (Retry(total=2, connect=None, read=None, redirect=None, status=None)) after connection broken by 'NameResolutionError("<urllib3.connection.HTTPSConnection object at 0x000001FF7CF30050>: Failed to resolve 'oauth2.googleapis.com' ([Errno 11001] getaddrinfo failed)")': /token
2025-11-27 19:21:29,364 - WARNING - Retrying (Retry(total=1, connect=None, read=None, redirect=None, status=None)) after connection broken by 'NameResolutionError("<urllib3.connection.HTTPSConnection object at 0x000001FF7CF302D0>: Failed to resolve 'oauth2.googleapis.com' ([Errno 11001] getaddrinfo failed)")': /token
2025-11-27 19:21:29,364 - WARNING - Retrying (Retry(total=0, connect=None, read=None, redirect=None, status=None)) after connection broken by 'NameResolutionError("<urllib3.connection.HTTPSConnection object at 0x000001FF7CF30550>: Failed to resolve 'oauth2.googleapis.com' ([Errno 11001] getaddrinfo failed)")': /token
2025-11-27 19:21:29,544 - WARNING - Retrying (Retry(total=2, connect=None, read=None, redirect=None, status=None)) after connection broken by 'NameResolutionError("<urllib3.connection.HTTPSConnection object at 0x000001FF7CF30E10>: Failed to resolve 'oauth2.googleapis.com' ([Errno 11001] getaddrinfo failed)")': /token
2025-11-27 19:21:29,546 - WARNING - Retrying (Retry(total=1, connect=None, read=None, redirect=None, status=None)) after connection broken by 'NameResolutionError("<urllib3.connection.HTTPSConnection object at 0x000001FF7CF31090>: Failed to resolve 'oauth2.googleapis.com' ([Errno 11001] getaddrinfo failed)")': /token
2025-11-27 19:21:29,555 - WARNING - Retrying (Retry(total=0, connect=None, read=None, redirect=None, status=None)) after connection broken by 'NameResolutionError("<urllib3.connection.HTTPSConnection object at 0x000001FF7CF31310>: Failed to resolve 'oauth2.googleapis.com' ([Errno 11001] getaddrinfo failed)")': /token
2025-11-27 19:21:35,458 - WARNING - Retrying (Retry(total=2, connect=None, read=None, redirect=None, status=None)) after connection broken by 'NameResolutionError("<urllib3.connection.HTTPSConnection object at 0x000001FF7CF31BD0>: Failed to resolve 'oauth2.googleapis.com' ([Errno 11001] getaddrinfo failed)")': /token
2025-11-27 19:21:35,459 - WARNING - Retrying (Retry(total=1, connect=None, read=None, redirect=None, status=None)) after connection broken by 'NameResolutionError("<urllib3.connection.HTTPSConnection object at 0x000001FF7CF31E50>: Failed to resolve 'oauth2.googleapis.com' ([Errno 11001] getaddrinfo failed)")': /token
2025-11-27 19:21:35,459 - WARNING - Retrying (Retry(total=0, connect=None, read=None, redirect=None, status=None)) after connection broken by 'NameResolutionError("<urllib3.connection.HTTPSConnection object at 0x000001FF7CF320D0>: Failed to resolve 'oauth2.googleapis.com' ([Errno 11001] getaddrinfo failed)")': /token
2025-11-27 19:21:52,051 - WARNING - Retrying (Retry(total=2, connect=None, read=None, redirect=None, status=None)) after connection broken by 'NameResolutionError("<urllib3.connection.HTTPSConnection object at 0x000001FF7CF32990>: Failed to resolve 'oauth2.googleapis.com' ([Errno 11001] getaddrinfo failed)")': /token
2025-11-27 19:21:52,052 - WARNING - Retrying (Retry(total=1, connect=None, read=None, redirect=None, status=None)) after connection broken by 'NameResolutionError("<urllib3.connection.HTTPSConnection object at 0x000001FF7CF32C10>: Failed to resolve 'oauth2.googleapis.com' ([Errno 11001] getaddrinfo failed)")': /token
2025-11-27 19:21:52,052 - WARNING - Retrying (Retry(total=0, connect=None, read=None, redirect=None, status=None)) after connection broken by 'NameResolutionError("<urllib3.connection.HTTPSConnection object at 0x000001FF7CF32E90>: Failed to resolve 'oauth2.googleapis.com' ([Errno 11001] getaddrinfo failed)")': /token
2025-11-27 19:22:16,226 - WARNING - Retrying (Retry(total=2, connect=None, read=None, redirect=None, status=None)) after connection broken by 'NameResolutionError("<urllib3.connection.HTTPSConnection object at 0x000001FF7CF33750>: Failed to resolve 'oauth2.googleapis.com' ([Errno 11001] getaddrinfo failed)")': /token
2025-11-27 19:22:16,227 - WARNING - Retrying (Retry(total=1, connect=None, read=None, redirect=None, status=None)) after connection broken by 'NameResolutionError("<urllib3.connection.HTTPSConnection object at 0x000001FF7CF339D0>: Failed to resolve 'oauth2.googleapis.com' ([Errno 11001] getaddrinfo failed)")': /token
2025-11-27 19:22:16,228 - WARNING - Retrying (Retry(total=0, connect=None, read=None, redirect=None, status=None)) after connection broken by 'NameResolutionError("<urllib3.connection.HTTPSConnection object at 0x000001FF7CF33C50>: Failed to resolve 'oauth2.googleapis.com' ([Errno 11001] getaddrinfo failed)")': /token
2025-11-27 19:22:52,420 - INFO - Query completed successfully.
2025-11-27 19:22:52,420 - INFO - Loading data into redsox-bq-project.raw_data.games_wide ...
2025-11-27 19:23:03,758 - INFO - Running query on public dataset...
2025-11-27 19:23:07,036 - INFO - Query completed successfully.
2025-11-27 19:23:07,036 - INFO - Loading data into redsox-bq-project.raw_data.games_wide ...
2025-11-27 19:24:03,362 - INFO - Running query on public dataset...
2025-11-27 19:24:06,253 - INFO - Query completed successfully.
2025-11-27 19:24:06,253 - INFO - Loading data into redsox-bq-project.raw_data.games_wide ...
2025-11-27 19:24:11,995 - INFO - Data loaded successfully into redsox-bq-project.raw_data.games_wide.
2025-11-27 19:24:52,689 - INFO - Running query on public dataset...
2025-11-27 19:24:55,341 - INFO - Query completed successfully.
2025-11-27 19:24:55,342 - INFO - Loading data into redsox-bq-project.raw_data.games_wide ...
2025-11-27 19:25:00,210 - INFO - Data loaded successfully into redsox-bq-project.raw_data.games_wide.
2025-11-27 19:32:04,307 - INFO - Running query on public dataset...
2025-11-27 19:32:06,451 - INFO - Query completed successfully.
2025-11-27 19:32:06,451 - INFO - Loading data into redsox-bq-project.raw_data.games_wide ...
2025-11-27 19:32:10,284 - INFO - Data loaded successfully into redsox-bq-project.raw_data.games_wide.
2025-11-27 19:35:04,106 - INFO - Running query on public dataset...
2025-11-27 19:35:06,694 - INFO - Query completed successfully.
2025-11-27 19:35:06,694 - INFO - Loading data into redsox-bq-project.raw_data.games_wide ...
2025-11-27 19:35:10,854 - INFO - Data loaded successfully into redsox-bq-project.raw_data.games_wide.
2025-11-27 19:35:15,596 - INFO - Running query on public dataset...
2025-11-27 19:35:18,754 - INFO - Query completed successfully.
2025-11-27 19:35:18,754 - INFO - Loading data into redsox-bq-project.raw_data.schedules ...
2025-11-27 19:35:24,066 - INFO - Data loaded successfully into redsox-bq-project.raw_data.schedules.
2025-11-27 19:38:23,668 - INFO - Running query on public dataset...
2025-11-27 19:38:26,874 - INFO - Query completed successfully.
2025-11-27 19:38:26,875 - INFO - Loading data into redsox-bq-project.raw_data.games_wide ...
2025-11-27 19:38:30,943 - INFO - Data loaded successfully into redsox-bq-project.raw_data.games_wide.
2025-11-27 19:54:38,204 - INFO - Running query on public dataset...
2025-11-27 19:54:40,634 - INFO - Query completed successfully.
2025-11-27 19:54:40,634 - INFO - Loading data into redsox-bq-project.raw_data.games_wide ...
2025-11-27 19:54:45,519 - INFO - Data loaded successfully into redsox-bq-project.raw_data.games_wide.
2025-11-27 22:26:13,110 - INFO - Running query on public dataset...
2025-11-27 22:26:15,400 - INFO - Query completed successfully.
2025-11-27 22:26:15,400 - INFO - Loading data into redsox-bq-project.raw_data.games_wide ...
2025-11-27 22:26:18,930 - INFO - Data loaded successfully into redsox-bq-project.raw_data.games_wide.
2025-11-27 22:27:28,082 - INFO - Running query on public dataset...
2025-11-27 22:27:38,105 - INFO - Query completed successfully.
2025-11-27 22:27:38,105 - INFO - Loading data into redsox-bq-project.raw_data.games_wide ...
2025-11-27 22:35:56,121 - INFO - Running query on public dataset...
2025-11-27 22:35:58,165 - INFO - Query completed successfully.
2025-11-27 22:35:58,166 - INFO - Loading data into redsox-bq-project.raw_data.games_wide ...
2025-11-27 22:36:02,083 - INFO - Data loaded successfully into redsox-bq-project.raw_data.games_wide.
2025-11-27 22:37:28,922 - INFO - Running query on public dataset...
2025-11-27 22:37:30,471 - INFO - Query completed successfully.
2025-11-27 22:37:30,471 - INFO - Loading data into redsox-bq-project.raw_data.games_wide ...
2025-11-27 22:37:34,231 - INFO - Data loaded successfully into redsox-bq-project.raw_data.games_wide.
2025-11-27 22:37:37,274 - INFO - Running query on public dataset...
2025-11-27 22:37:39,749 - INFO - Query completed successfully.
2025-11-27 22:37:39,749 - INFO - Loading data into redsox-bq-project.raw_data.games_post_wide ...
2025-11-27 22:37:43,692 - INFO - Data loaded successfully into redsox-bq-project.raw_data.games_post_wide.
2025-11-27 22:37:47,006 - INFO - Running query on public dataset...
2025-11-27 22:37:48,671 - INFO - Query completed successfully.
2025-11-27 22:37:48,672 - INFO - Loading data into redsox-bq-project.raw_data.schedules ...
2025-11-27 22:37:51,652 - INFO - Data loaded successfully into redsox-bq-project.raw_data.schedules.
2025-11-27 22:45:43,889 - INFO - Running query on public dataset...
2025-11-27 22:45:45,853 - INFO - Query completed successfully.
2025-11-27 22:45:45,853 - INFO - Loading data into redsox-bq-project.raw_data.games_wide ...
2025-11-27 22:45:50,209 - INFO - Data loaded successfully into redsox-bq-project.raw_data.games_wide.
2025-11-27 22:45:53,458 - INFO - Running query on public dataset...
2025-11-27 22:45:54,967 - INFO - Query completed successfully.
2025-11-27 22:45:54,967 - INFO - Loading data into redsox-bq-project.raw_data.games_post_wide ...
2025-11-27 22:45:59,612 - INFO - Data loaded successfully into redsox-bq-project.raw_data.games_post_wide.
2025-11-27 22:46:02,722 - INFO - Running query on public dataset...
2025-11-27 22:46:04,354 - INFO - Query completed successfully.
2025-11-27 22:46:04,354 - INFO - Loading data into redsox-bq-project.raw_data.schedules ...
2025-11-27 22:46:07,369 - INFO - Data loaded successfully into redsox-bq-project.raw_data.schedules.
2025-11-27 22:46:10,545 - INFO - Running query on public dataset...
2025-11-27 22:46:13,804 - INFO - Query completed successfully.
2025-11-27 22:46:13,805 - INFO - Loading data into redsox-bq-project.staging.cleaned_games_post_wide ...
2025-11-27 22:48:38,402 - INFO - Running query on public dataset...
2025-11-27 22:48:40,025 - INFO - Query completed successfully.
2025-11-27 22:48:40,025 - INFO - Loading data into redsox-bq-project.raw_data.games_wide ...
2025-11-27 22:48:44,467 - INFO - Data loaded successfully into redsox-bq-project.raw_data.games_wide.
2025-11-27 22:48:47,764 - INFO - Running query on public dataset...
2025-11-27 22:48:49,459 - INFO - Query completed successfully.
2025-11-27 22:48:49,459 - INFO - Loading data into redsox-bq-project.raw_data.games_post_wide ...
2025-11-27 22:48:53,446 - INFO - Data loaded successfully into redsox-bq-project.raw_data.games_post_wide.
2025-11-27 22:48:56,357 - INFO - Running query on public dataset...
2025-11-27 22:48:57,936 - INFO - Query completed successfully.
2025-11-27 22:48:57,937 - INFO - Loading data into redsox-bq-project.raw_data.schedules ...
2025-11-27 22:49:01,442 - INFO - Data loaded successfully into redsox-bq-project.raw_data.schedules.
2025-11-27 22:49:04,406 - INFO - Running query on public dataset...
2025-11-27 22:49:07,204 - INFO - Query completed successfully.
2025-11-27 22:49:07,204 - INFO - Loading data into redsox-bq-project.staging.cleaned_games_post_wide ...
2025-11-27 22:52:02,680 - INFO - Running query on public dataset...
2025-11-27 22:52:04,619 - INFO - Query completed successfully.
2025-11-27 22:52:04,619 - INFO - Loading data into redsox-bq-project.raw_data.games_wide ...
2025-11-27 22:52:08,603 - INFO - Data loaded successfully into redsox-bq-project.raw_data.games_wide.
2025-11-27 22:52:11,473 - INFO - Running query on public dataset...
2025-11-27 22:52:13,031 - INFO - Query completed successfully.
2025-11-27 22:52:13,031 - INFO - Loading data into redsox-bq-project.raw_data.games_post_wide ...
2025-11-27 22:52:17,178 - INFO - Data loaded successfully into redsox-bq-project.raw_data.games_post_wide.
2025-11-27 22:52:20,027 - INFO - Running query on public dataset...
2025-11-27 22:52:21,647 - INFO - Query completed successfully.
2025-11-27 22:52:21,647 - INFO - Loading data into redsox-bq-project.raw_data.schedules ...
2025-11-27 22:52:24,728 - INFO - Data loaded successfully into redsox-bq-project.raw_data.schedules.
2025-11-27 22:52:27,609 - INFO - Running query on public dataset...
2025-11-27 22:52:30,644 - INFO - Query completed successfully.
2025-11-27 22:52:30,644 - INFO - Loading data into redsox-bq-project.staging.cleaned_games_post_wide ...
2025-11-27 22:53:17,328 - INFO - Running query on public dataset...
2025-11-27 22:53:19,088 - INFO - Query completed successfully.
2025-11-27 22:53:19,088 - INFO - Loading data into redsox-bq-project.raw_data.games_wide ...
2025-11-27 22:53:23,685 - INFO - Data loaded successfully into redsox-bq-project.raw_data.games_wide.
2025-11-27 22:53:26,938 - INFO - Running query on public dataset...
2025-11-27 22:53:28,543 - INFO - Query completed successfully.
2025-11-27 22:53:28,543 - INFO - Loading data into redsox-bq-project.raw_data.games_post_wide ...
2025-11-27 22:53:32,593 - INFO - Data loaded successfully into redsox-bq-project.raw_data.games_post_wide.
2025-11-27 22:53:36,011 - INFO - Running query on public dataset...
2025-11-27 22:53:38,772 - INFO - Query completed successfully.
2025-11-27 22:53:38,772 - INFO - Loading data into redsox-bq-project.raw_data.schedules ...
2025-11-27 22:53:42,397 - INFO - Data loaded successfully into redsox-bq-project.raw_data.schedules.
2025-11-27 22:58:39,858 - INFO - Running query on public dataset...
2025-11-27 22:58:41,706 - INFO - Query completed successfully.
2025-11-27 22:58:41,706 - INFO - Loading data into redsox-bq-project.raw_data.games_wide ...
2025-11-27 22:58:45,616 - INFO - Data loaded successfully into redsox-bq-project.raw_data.games_wide.
2025-11-27 22:58:48,727 - INFO - Running query on public dataset...
2025-11-27 22:58:50,256 - INFO - Query completed successfully.
2025-11-27 22:58:50,256 - INFO - Loading data into redsox-bq-project.raw_data.games_post_wide ...
2025-11-27 22:58:53,683 - INFO - Data loaded successfully into redsox-bq-project.raw_data.games_post_wide.
2025-11-27 22:58:56,699 - INFO - Running query on public dataset...
2025-11-27 22:58:58,341 - INFO - Query completed successfully.
2025-11-27 22:58:58,341 - INFO - Loading data into redsox-bq-project.raw_data.schedules ...
2025-11-27 22:59:01,485 - INFO - Data loaded successfully into redsox-bq-project.raw_data.schedules.
2025-11-27 22:59:04,949 - INFO - Running query on public dataset...
2025-11-27 22:59:07,943 - INFO - Query completed successfully.
2025-11-27 22:59:07,943 - INFO - Loading data into redsox-bq-project.staging.cleaned_games_post_wide ...
2025-11-27 23:00:50,144 - INFO - Running query on public dataset...
2025-11-27 23:00:51,737 - INFO - Query completed successfully.
2025-11-27 23:00:51,737 - INFO - Loading data into redsox-bq-project.raw_data.games_wide ...
2025-11-27 23:00:55,698 - INFO - Data loaded successfully into redsox-bq-project.raw_data.games_wide.
2025-11-27 23:00:58,780 - INFO - Running query on public dataset...
2025-11-27 23:01:00,727 - INFO - Query completed successfully.
2025-11-27 23:01:00,727 - INFO - Loading data into redsox-bq-project.raw_data.games_post_wide ...
2025-11-27 23:01:04,784 - INFO - Data loaded successfully into redsox-bq-project.raw_data.games_post_wide.
2025-11-27 23:01:07,835 - INFO - Running query on public dataset...
2025-11-27 23:01:09,394 - INFO - Query completed successfully.
2025-11-27 23:01:09,394 - INFO - Loading data into redsox-bq-project.raw_data.schedules ...
2025-11-27 23:01:13,696 - INFO - Data loaded successfully into redsox-bq-project.raw_data.schedules.
2025-11-27 23:01:16,502 - INFO - Running CREATE OR REPLACE TABLE ...
2025-11-27 23:01:19,888 - INFO - Table refreshed successfully.
2025-11-27 23:06:15,804 - INFO - Running query on public dataset...
2025-11-27 23:06:17,606 - INFO - Query completed successfully.
2025-11-27 23:06:17,607 - INFO - Loading data into redsox-bq-project.raw_data.games_wide ...
2025-11-27 23:07:13,361 - INFO - Running query on public dataset...
2025-11-27 23:07:15,069 - INFO - Query completed successfully.
2025-11-27 23:07:15,069 - INFO - Loading data into redsox-bq-project.raw_data.games_wide ...
2025-11-27 23:09:48,648 - INFO - Running query on public dataset...
2025-11-27 23:09:50,795 - INFO - Query completed successfully.
2025-11-27 23:09:50,795 - INFO - Loading data into redsox-bq-project.raw_data.games_wide ...
2025-11-27 23:09:54,708 - INFO - Data loaded successfully into redsox-bq-project.raw_data.games_wide.
2025-11-27 23:09:57,730 - INFO - Running query on public dataset...
2025-11-27 23:09:59,331 - INFO - Query completed successfully.
2025-11-27 23:09:59,331 - INFO - Loading data into redsox-bq-project.raw_data.games_post_wide ...
2025-11-27 23:10:03,943 - INFO - Data loaded successfully into redsox-bq-project.raw_data.games_post_wide.
2025-11-27 23:10:06,991 - INFO - Running query on public dataset...
2025-11-27 23:10:08,629 - INFO - Query completed successfully.
2025-11-27 23:10:08,629 - INFO - Loading data into redsox-bq-project.raw_data.schedules ...
2025-11-27 23:10:16,132 - INFO - Data loaded successfully into redsox-bq-project.raw_data.schedules.
2025-11-27 23:10:19,149 - INFO - Running CREATE OR REPLACE TABLE ...
2025-11-27 23:10:22,316 - INFO - Table refreshed successfully.
2025-11-27 23:10:25,350 - INFO - Running CREATE OR REPLACE TABLE ...
2025-11-27 23:10:28,576 - INFO - Table refreshed successfully.
2025-11-27 23:14:52,272 - INFO - Running query on public dataset...
2025-11-27 23:14:53,936 - INFO - Query completed successfully.
2025-11-27 23:14:53,937 - INFO - Loading data into redsox-bq-project.raw_data.games_wide ...
2025-11-27 23:14:58,285 - INFO - Data loaded successfully into redsox-bq-project.raw_data.games_wide.
2025-11-27 23:15:01,118 - INFO - Running query on public dataset...
2025-11-27 23:15:02,699 - INFO - Query completed successfully.
2025-11-27 23:15:02,699 - INFO - Loading data into redsox-bq-project.raw_data.games_post_wide ...
2025-11-27 23:15:06,685 - INFO - Data loaded successfully into redsox-bq-project.raw_data.games_post_wide.
2025-11-27 23:15:09,470 - INFO - Running query on public dataset...
2025-11-27 23:15:11,065 - INFO - Query completed successfully.
2025-11-27 23:15:11,065 - INFO - Loading data into redsox-bq-project.raw_data.schedules ...
2025-11-27 23:15:15,462 - INFO - Data loaded successfully into redsox-bq-project.raw_data.schedules.
2025-11-27 23:15:18,364 - INFO - Running CREATE OR REPLACE TABLE ...
2025-11-27 23:15:21,660 - INFO - Table refreshed successfully.
2025-11-27 23:15:24,689 - INFO - Running CREATE OR REPLACE TABLE ...
2025-11-27 23:15:27,997 - INFO - Table refreshed successfully.
2025-11-27 23:15:30,735 - INFO - Running CREATE OR REPLACE TABLE ...
2025-11-27 23:18:24,331 - INFO - Running query on public dataset...
2025-11-27 23:18:26,073 - INFO - Query completed successfully.
2025-11-27 23:18:26,073 - INFO - Loading data into redsox-bq-project.raw_data.games_wide ...
2025-11-27 23:18:29,959 - INFO - Data loaded successfully into redsox-bq-project.raw_data.games_wide.
2025-11-27 23:18:33,314 - INFO - Running query on public dataset...
2025-11-27 23:18:34,887 - INFO - Query completed successfully.
2025-11-27 23:18:34,888 - INFO - Loading data into redsox-bq-project.raw_data.games_post_wide ...
2025-11-27 23:18:39,500 - INFO - Data loaded successfully into redsox-bq-project.raw_data.games_post_wide.
2025-11-27 23:18:42,941 - INFO - Running query on public dataset...
2025-11-27 23:18:44,588 - INFO - Query completed successfully.
2025-11-27 23:18:44,588 - INFO - Loading data into redsox-bq-project.raw_data.schedules ...
2025-11-27 23:18:48,534 - INFO - Data loaded successfully into redsox-bq-project.raw_data.schedules.
2025-11-27 23:18:51,606 - INFO - Running CREATE OR REPLACE TABLE ...
2025-11-27 23:18:54,647 - INFO - Table refreshed successfully.
2025-11-27 23:18:57,497 - INFO - Running CREATE OR REPLACE TABLE ...
2025-11-27 23:19:00,492 - INFO - Table refreshed successfully.
2025-11-27 23:19:03,405 - INFO - Running CREATE OR REPLACE TABLE ...
2025-11-27 23:19:39,118 - INFO - Running query on public dataset...
2025-11-27 23:19:40,719 - INFO - Query completed successfully.
2025-11-27 23:19:40,719 - INFO - Loading data into redsox-bq-project.raw_data.games_wide ...
2025-11-27 23:19:44,934 - INFO - Data loaded successfully into redsox-bq-project.raw_data.games_wide.
2025-11-27 23:19:48,139 - INFO - Running query on public dataset...
2025-11-27 23:19:49,657 - INFO - Query completed successfully.
2025-11-27 23:19:49,657 - INFO - Loading data into redsox-bq-project.raw_data.games_post_wide ...
2025-11-27 23:19:53,913 - INFO - Data loaded successfully into redsox-bq-project.raw_data.games_post_wide.
2025-11-27 23:19:57,465 - INFO - Running query on public dataset...
2025-11-27 23:19:59,102 - INFO - Query completed successfully.
2025-11-27 23:19:59,102 - INFO - Loading data into redsox-bq-project.raw_data.schedules ...
2025-11-27 23:20:03,076 - INFO - Data loaded successfully into redsox-bq-project.raw_data.schedules.
2025-11-27 23:20:06,378 - INFO - Running CREATE OR REPLACE TABLE ...
2025-11-27 23:20:09,709 - INFO - Table refreshed successfully.
2025-11-27 23:20:12,778 - INFO - Running CREATE OR REPLACE TABLE ...
2025-11-27 23:20:15,752 - INFO - Table refreshed successfully.
2025-11-27 23:20:18,799 - INFO - Running CREATE OR REPLACE TABLE ...
2025-11-27 23:20:23,357 - INFO - Table refreshed successfully.
2025-11-27 23:31:13,305 - INFO - Running query on public dataset...
2025-11-27 23:31:15,009 - INFO - Query completed successfully.
2025-11-27 23:31:15,009 - INFO - Loading data into redsox-bq-project.raw_data.games_wide ...
2025-11-27 23:31:19,105 - INFO - Data loaded successfully into redsox-bq-project.raw_data.games_wide.
2025-11-27 23:31:21,964 - INFO - Running query on public dataset...
2025-11-27 23:31:23,576 - INFO - Query completed successfully.
2025-11-27 23:31:23,576 - INFO - Loading data into redsox-bq-project.raw_data.games_post_wide ...
2025-11-27 23:31:27,038 - INFO - Data loaded successfully into redsox-bq-project.raw_data.games_post_wide.
2025-11-27 23:31:29,952 - INFO - Running query on public dataset...
2025-11-27 23:31:31,527 - INFO - Query completed successfully.
2025-11-27 23:31:31,527 - INFO - Loading data into redsox-bq-project.raw_data.schedules ...
2025-11-27 23:31:34,859 - INFO - Data loaded successfully into redsox-bq-project.raw_data.schedules.
2025-11-27 23:31:38,056 - INFO - Running CREATE OR REPLACE TABLE ...
2025-11-27 23:31:41,103 - INFO - Table refreshed successfully.
2025-11-27 23:31:44,090 - INFO - Running CREATE OR REPLACE TABLE ...
2025-11-27 23:31:47,731 - INFO - Table refreshed successfully.
2025-11-27 23:31:50,756 - INFO - Running CREATE OR REPLACE TABLE ...
2025-11-27 23:31:53,868 - INFO - Table refreshed successfully.
2025-11-27 23:32:14,779 - INFO - Running query on public dataset...
2025-11-27 23:32:16,423 - INFO - Query completed successfully.
2025-11-27 23:32:16,423 - INFO - Loading data into redsox-bq-project.raw_data.games_wide ...
2025-11-27 23:32:20,588 - INFO - Data loaded successfully into redsox-bq-project.raw_data.games_wide.
2025-11-27 23:32:23,603 - INFO - Running query on public dataset...
2025-11-27 23:32:25,450 - INFO - Query completed successfully.
2025-11-27 23:32:25,450 - INFO - Loading data into redsox-bq-project.raw_data.games_post_wide ...
2025-11-27 23:32:29,264 - INFO - Data loaded successfully into redsox-bq-project.raw_data.games_post_wide.
2025-11-27 23:32:32,313 - INFO - Running query on public dataset...
2025-11-27 23:32:33,922 - INFO - Query completed successfully.
2025-11-27 23:32:33,922 - INFO - Loading data into redsox-bq-project.raw_data.schedules ...
2025-11-27 23:32:37,740 - INFO - Data loaded successfully into redsox-bq-project.raw_data.schedules.
2025-11-27 23:32:40,842 - INFO - Running CREATE OR REPLACE TABLE ...
2025-11-27 23:32:44,487 - INFO - Table refreshed successfully.
2025-11-27 23:32:47,270 - INFO - Running CREATE OR REPLACE TABLE ...
2025-11-27 23:32:50,373 - INFO - Table refreshed successfully.
2025-11-27 23:32:53,050 - INFO - Running CREATE OR REPLACE TABLE ...
2025-11-27 23:32:56,070 - INFO - Table refreshed successfully.
2025-11-27 23:32:58,875 - INFO - Starting backup export to GCS...
2025-11-27 23:34:30,355 - INFO - Running query on public dataset...
2025-11-27 23:34:31,917 - INFO - Query completed successfully.
2025-11-27 23:34:31,917 - INFO - Loading data into redsox-bq-project.raw_data.games_wide ...
2025-11-27 23:34:35,055 - INFO - Data loaded successfully into redsox-bq-project.raw_data.games_wide.
2025-11-27 23:34:37,816 - INFO - Running query on public dataset...
2025-11-27 23:34:39,306 - INFO - Query completed successfully.
2025-11-27 23:34:39,306 - INFO - Loading data into redsox-bq-project.raw_data.games_post_wide ...
2025-11-27 23:34:42,597 - INFO - Data loaded successfully into redsox-bq-project.raw_data.games_post_wide.
2025-11-27 23:34:45,385 - INFO - Running query on public dataset...
2025-11-27 23:34:46,871 - INFO - Query completed successfully.
2025-11-27 23:34:46,871 - INFO - Loading data into redsox-bq-project.raw_data.schedules ...
2025-11-27 23:34:50,405 - INFO - Data loaded successfully into redsox-bq-project.raw_data.schedules.
2025-11-27 23:34:53,147 - INFO - Running CREATE OR REPLACE TABLE ...
2025-11-27 23:34:56,162 - INFO - Table refreshed successfully.
2025-11-27 23:34:58,912 - INFO - Running CREATE OR REPLACE TABLE ...
2025-11-27 23:35:01,907 - INFO - Table refreshed successfully.
2025-11-27 23:35:04,676 - INFO - Running CREATE OR REPLACE TABLE ...
2025-11-27 23:35:08,002 - INFO - Table refreshed successfully.
2025-11-27 23:35:10,983 - INFO - Starting backup export to GCS...
2025-11-27 23:37:57,188 - INFO - Running query on public dataset...
2025-11-27 23:37:58,907 - INFO - Query completed successfully.
2025-11-27 23:37:58,907 - INFO - Loading data into redsox-bq-project.raw_data.games_wide ...
2025-11-27 23:38:02,420 - INFO - Data loaded successfully into redsox-bq-project.raw_data.games_wide.
2025-11-27 23:38:05,437 - INFO - Running query on public dataset...
2025-11-27 23:38:07,080 - INFO - Query completed successfully.
2025-11-27 23:38:07,080 - INFO - Loading data into redsox-bq-project.raw_data.games_post_wide ...
2025-11-27 23:38:10,473 - INFO - Data loaded successfully into redsox-bq-project.raw_data.games_post_wide.
2025-11-27 23:38:13,412 - INFO - Running query on public dataset...
2025-11-27 23:38:14,882 - INFO - Query completed successfully.
2025-11-27 23:38:14,882 - INFO - Loading data into redsox-bq-project.raw_data.schedules ...
2025-11-27 23:38:17,751 - INFO - Data loaded successfully into redsox-bq-project.raw_data.schedules.
2025-11-27 23:38:20,714 - INFO - Running CREATE OR REPLACE TABLE ...
2025-11-27 23:38:23,696 - INFO - Table refreshed successfully.
2025-11-27 23:38:26,653 - INFO - Running CREATE OR REPLACE TABLE ...
2025-11-27 23:38:29,610 - INFO - Table refreshed successfully.
2025-11-27 23:38:32,558 - INFO - Running CREATE OR REPLACE TABLE ...
2025-11-27 23:38:35,656 - INFO - Table refreshed successfully.
2025-11-27 23:38:38,591 - INFO - Backing up: redsox-bq-project.raw_data.games_wide \u2192 redsox-bq-project.raw_data_backup.games_wide_backup_20251127_233838
2025-11-27 23:39:14,504 - INFO - Running query on public dataset...
2025-11-27 23:39:16,140 - INFO - Query completed successfully.
2025-11-27 23:39:16,140 - INFO - Loading data into redsox-bq-project.raw_data.games_wide ...
2025-11-27 23:39:19,596 - INFO - Data loaded successfully into redsox-bq-project.raw_data.games_wide.
2025-11-27 23:39:22,539 - INFO - Running query on public dataset...
2025-11-27 23:39:24,231 - INFO - Query completed successfully.
2025-11-27 23:39:24,231 - INFO - Loading data into redsox-bq-project.raw_data.games_post_wide ...
2025-11-27 23:39:27,236 - INFO - Data loaded successfully into redsox-bq-project.raw_data.games_post_wide.
2025-11-27 23:39:30,020 - INFO - Running query on public dataset...
2025-11-27 23:39:31,584 - INFO - Query completed successfully.
2025-11-27 23:39:31,584 - INFO - Loading data into redsox-bq-project.raw_data.schedules ...
2025-11-27 23:39:36,179 - INFO - Data loaded successfully into redsox-bq-project.raw_data.schedules.
2025-11-27 23:39:38,947 - INFO - Running CREATE OR REPLACE TABLE ...
2025-11-27 23:39:42,236 - INFO - Table refreshed successfully.
2025-11-27 23:39:45,001 - INFO - Running CREATE OR REPLACE TABLE ...
2025-11-27 23:39:47,993 - INFO - Table refreshed successfully.
2025-11-27 23:39:50,981 - INFO - Running CREATE OR REPLACE TABLE ...
2025-11-27 23:39:54,217 - INFO - Table refreshed successfully.
2025-11-27 23:39:57,171 - INFO - Backing up: redsox-bq-project.raw_data.games_wide \u2192 redsox-bq-project.raw_data_backup.games_wide_backup_20251127_233957
2025-11-27 23:40:00,078 - INFO - Backing up: redsox-bq-project.raw_data.games_post_wide \u2192 redsox-bq-project.raw_data_backup.games_post_wide_backup_20251127_233957
2025-11-27 23:40:02,432 - INFO - Backing up: redsox-bq-project.raw_data.schedules \u2192 redsox-bq-project.raw_data_backup.schedules_backup_20251127_233957
2025-11-27 23:40:37,001 - INFO - Running query on public dataset...
2025-11-27 23:40:38,591 - INFO - Query completed successfully.
2025-11-27 23:40:38,592 - INFO - Loading data into redsox-bq-project.raw_data.games_wide ...
2025-11-27 23:40:43,047 - INFO - Data loaded successfully into redsox-bq-project.raw_data.games_wide.
2025-11-27 23:40:45,810 - INFO - Running query on public dataset...
2025-11-27 23:40:47,417 - INFO - Query completed successfully.
2025-11-27 23:40:47,418 - INFO - Loading data into redsox-bq-project.raw_data.games_post_wide ...
2025-11-27 23:40:52,263 - INFO - Data loaded successfully into redsox-bq-project.raw_data.games_post_wide.
2025-11-27 23:40:55,102 - INFO - Running query on public dataset...
2025-11-27 23:40:56,612 - INFO - Query completed successfully.
2025-11-27 23:40:56,613 - INFO - Loading data into redsox-bq-project.raw_data.schedules ...
2025-11-27 23:41:01,770 - INFO - Data loaded successfully into redsox-bq-project.raw_data.schedules.
2025-11-27 23:41:04,626 - INFO - Running CREATE OR REPLACE TABLE ...
2025-11-27 23:41:07,871 - INFO - Table refreshed successfully.
2025-11-27 23:41:10,736 - INFO - Running CREATE OR REPLACE TABLE ...
2025-11-27 23:41:13,740 - INFO - Table refreshed successfully.
2025-11-27 23:41:16,515 - INFO - Running CREATE OR REPLACE TABLE ...
2025-11-27 23:41:19,276 - INFO - Table refreshed successfully.
2025-11-27 23:41:22,075 - INFO - Backing up: redsox-bq-project.raw_data.games_wide \u2192 redsox-bq-project.raw_data_backup.games_wide_backup_20251127_234122
2025-11-27 23:41:25,027 - INFO - Backing up: redsox-bq-project.raw_data.games_post_wide \u2192 redsox-bq-project.raw_data_backup.games_post_wide_backup_20251127_234122
2025-11-27 23:41:27,142 - INFO - Backing up: redsox-bq-project.raw_data.schedules \u2192 redsox-bq-project.raw_data_backup.schedules_backup_20251127_234122
2025-11-27 23:51:10,131 - INFO - Running query on public dataset...
2025-11-27 23:51:12,358 - INFO - Query completed successfully.
2025-11-27 23:51:12,359 - INFO - Loading data into redsox-bq-project.raw_data.games_wide ...
2025-11-27 23:51:15,805 - INFO - Data loaded successfully into redsox-bq-project.raw_data.games_wide.
2025-11-27 23:51:18,965 - INFO - Running query on public dataset...
2025-11-27 23:51:20,650 - INFO - Query completed successfully.
2025-11-27 23:51:20,650 - INFO - Loading data into redsox-bq-project.raw_data.games_post_wide ...
2025-11-27 23:51:23,773 - INFO - Data loaded successfully into redsox-bq-project.raw_data.games_post_wide.
2025-11-27 23:51:26,842 - INFO - Running query on public dataset...
2025-11-27 23:51:28,371 - INFO - Query completed successfully.
2025-11-27 23:51:28,371 - INFO - Loading data into redsox-bq-project.raw_data.schedules ...
2025-11-27 23:51:31,833 - INFO - Data loaded successfully into redsox-bq-project.raw_data.schedules.
2025-11-27 23:51:34,954 - INFO - Running CREATE OR REPLACE TABLE ...
2025-11-27 23:51:37,776 - INFO - Table refreshed successfully.
2025-11-27 23:51:40,866 - INFO - Running CREATE OR REPLACE TABLE ...
2025-11-27 23:51:44,188 - INFO - Table refreshed successfully.
2025-11-27 23:51:47,309 - INFO - Running CREATE OR REPLACE TABLE ...
2025-11-27 23:51:50,311 - INFO - Table refreshed successfully.
2025-11-27 23:51:53,352 - INFO - Backing up: redsox-bq-project.raw_data.games_wide \u2192 redsox-bq-project.raw_data_backup.games_wide_backup_20251127_235153
2025-11-27 23:51:56,430 - INFO - Backing up: redsox-bq-project.raw_data.games_post_wide \u2192 redsox-bq-project.raw_data_backup.games_post_wide_backup_20251127_235153
2025-11-27 23:51:58,737 - INFO - Backing up: redsox-bq-project.raw_data.schedules \u2192 redsox-bq-project.raw_data_backup.schedules_backup_20251127_235153
